[0.425s] DEBUG:colcon:Command line arguments: ['/home/toby/.local/bin/colcon', 'build']
[0.425s] DEBUG:colcon:Parsed command line arguments: Namespace(log_base=None, log_level=None, verb_name='build', build_base='build', install_base='install', merge_install=False, symlink_install=False, test_result_base=None, continue_on_error=False, executor='parallel', parallel_workers=8, event_handlers=None, ignore_user_meta=False, metas=['./colcon.meta'], base_paths=['.'], packages_ignore=None, packages_ignore_regex=None, paths=None, packages_up_to=None, packages_up_to_regex=None, packages_above=None, packages_above_and_dependencies=None, packages_above_depth=None, packages_select_by_dep=None, packages_skip_by_dep=None, packages_skip_up_to=None, packages_select_build_failed=False, packages_skip_build_finished=False, packages_select_test_failures=False, packages_skip_test_passed=False, packages_select=None, packages_skip=None, packages_select_regex=None, packages_skip_regex=None, packages_start=None, packages_end=None, cmake_args=None, cmake_target=None, cmake_target_skip_unavailable=False, cmake_clean_cache=False, cmake_clean_first=False, cmake_force_configure=False, ament_cmake_args=None, catkin_cmake_args=None, catkin_skip_building_tests=False, verb_parser=<colcon_defaults.argument_parser.defaults.DefaultArgumentsDecorator object at 0x7f710ae057b0>, verb_extension=<colcon_core.verb.build.BuildVerb object at 0x7f710af9fb80>, main=<bound method BuildVerb.main of <colcon_core.verb.build.BuildVerb object at 0x7f710af9fb80>>)
[0.472s] Level 1:colcon.colcon_core.package_discovery:discover_packages(colcon_meta) check parameters
[0.473s] Level 1:colcon.colcon_core.package_discovery:discover_packages(recursive) check parameters
[0.473s] Level 1:colcon.colcon_core.package_discovery:discover_packages(ignore) check parameters
[0.473s] Level 1:colcon.colcon_core.package_discovery:discover_packages(path) check parameters
[0.473s] Level 1:colcon.colcon_core.package_discovery:discover_packages(colcon_meta) discover
[0.473s] Level 1:colcon.colcon_core.package_discovery:discover_packages(recursive) discover
[0.473s] INFO:colcon.colcon_core.package_discovery:Crawling recursively for packages in '/home/toby/Desktop/louie-design-calculations'
[0.473s] Level 1:colcon.colcon_core.package_identification:_identify(.) by extensions ['ignore', 'ignore_ament_install']
[0.473s] Level 1:colcon.colcon_core.package_identification:_identify(.) by extension 'ignore'
[0.473s] Level 1:colcon.colcon_core.package_identification:_identify(.) by extension 'ignore_ament_install'
[0.473s] Level 1:colcon.colcon_core.package_identification:_identify(.) by extensions ['colcon_pkg']
[0.473s] Level 1:colcon.colcon_core.package_identification:_identify(.) by extension 'colcon_pkg'
[0.473s] Level 1:colcon.colcon_core.package_identification:_identify(.) by extensions ['colcon_meta']
[0.473s] Level 1:colcon.colcon_core.package_identification:_identify(.) by extension 'colcon_meta'
[0.473s] Level 1:colcon.colcon_core.package_identification:_identify(.) by extensions ['ros']
[0.473s] Level 1:colcon.colcon_core.package_identification:_identify(.) by extension 'ros'
[0.489s] Level 1:colcon.colcon_core.package_identification:_identify(.) by extensions ['cmake', 'python']
[0.489s] Level 1:colcon.colcon_core.package_identification:_identify(.) by extension 'cmake'
[0.489s] Level 1:colcon.colcon_core.package_identification:_identify(.) by extension 'python'
[0.489s] Level 1:colcon.colcon_core.package_identification:_identify(.) by extensions ['python_setup_py']
[0.489s] Level 1:colcon.colcon_core.package_identification:_identify(.) by extension 'python_setup_py'
[0.490s] Level 1:colcon.colcon_core.package_identification:_identify(build) by extensions ['ignore', 'ignore_ament_install']
[0.490s] Level 1:colcon.colcon_core.package_identification:_identify(build) by extension 'ignore'
[0.490s] Level 1:colcon.colcon_core.package_identification:_identify(build) ignored
[0.490s] Level 1:colcon.colcon_core.package_identification:_identify(install) by extensions ['ignore', 'ignore_ament_install']
[0.490s] Level 1:colcon.colcon_core.package_identification:_identify(install) by extension 'ignore'
[0.490s] Level 1:colcon.colcon_core.package_identification:_identify(install) ignored
[0.490s] Level 1:colcon.colcon_core.package_identification:_identify(log) by extensions ['ignore', 'ignore_ament_install']
[0.490s] Level 1:colcon.colcon_core.package_identification:_identify(log) by extension 'ignore'
[0.490s] Level 1:colcon.colcon_core.package_identification:_identify(log) ignored
[0.490s] Level 1:colcon.colcon_core.package_identification:_identify(src) by extensions ['ignore', 'ignore_ament_install']
[0.490s] Level 1:colcon.colcon_core.package_identification:_identify(src) by extension 'ignore'
[0.490s] Level 1:colcon.colcon_core.package_identification:_identify(src) by extension 'ignore_ament_install'
[0.490s] Level 1:colcon.colcon_core.package_identification:_identify(src) by extensions ['colcon_pkg']
[0.490s] Level 1:colcon.colcon_core.package_identification:_identify(src) by extension 'colcon_pkg'
[0.491s] Level 1:colcon.colcon_core.package_identification:_identify(src) by extensions ['colcon_meta']
[0.491s] Level 1:colcon.colcon_core.package_identification:_identify(src) by extension 'colcon_meta'
[0.491s] Level 1:colcon.colcon_core.package_identification:_identify(src) by extensions ['ros']
[0.491s] Level 1:colcon.colcon_core.package_identification:_identify(src) by extension 'ros'
[0.491s] Level 1:colcon.colcon_core.package_identification:_identify(src) by extensions ['cmake', 'python']
[0.491s] Level 1:colcon.colcon_core.package_identification:_identify(src) by extension 'cmake'
[0.491s] Level 1:colcon.colcon_core.package_identification:_identify(src) by extension 'python'
[0.491s] Level 1:colcon.colcon_core.package_identification:_identify(src) by extensions ['python_setup_py']
[0.491s] Level 1:colcon.colcon_core.package_identification:_identify(src) by extension 'python_setup_py'
[0.491s] Level 1:colcon.colcon_core.package_identification:_identify(src/rafiki) by extensions ['ignore', 'ignore_ament_install']
[0.491s] Level 1:colcon.colcon_core.package_identification:_identify(src/rafiki) by extension 'ignore'
[0.491s] Level 1:colcon.colcon_core.package_identification:_identify(src/rafiki) by extension 'ignore_ament_install'
[0.491s] Level 1:colcon.colcon_core.package_identification:_identify(src/rafiki) by extensions ['colcon_pkg']
[0.491s] Level 1:colcon.colcon_core.package_identification:_identify(src/rafiki) by extension 'colcon_pkg'
[0.491s] Level 1:colcon.colcon_core.package_identification:_identify(src/rafiki) by extensions ['colcon_meta']
[0.491s] Level 1:colcon.colcon_core.package_identification:_identify(src/rafiki) by extension 'colcon_meta'
[0.491s] Level 1:colcon.colcon_core.package_identification:_identify(src/rafiki) by extensions ['ros']
[0.491s] Level 1:colcon.colcon_core.package_identification:_identify(src/rafiki) by extension 'ros'
[0.491s] Level 1:colcon.colcon_core.package_identification:_identify(src/rafiki) by extensions ['cmake', 'python']
[0.491s] Level 1:colcon.colcon_core.package_identification:_identify(src/rafiki) by extension 'cmake'
[0.492s] Level 1:colcon.colcon_core.package_identification:_identify(src/rafiki) by extension 'python'
[0.492s] DEBUG:colcon.colcon_core.package_identification:Package 'src/rafiki' with type 'cmake' and name 'rafiki'
[0.492s] Level 1:colcon.colcon_core.package_identification:_identify(src/yeti) by extensions ['ignore', 'ignore_ament_install']
[0.492s] Level 1:colcon.colcon_core.package_identification:_identify(src/yeti) by extension 'ignore'
[0.492s] Level 1:colcon.colcon_core.package_identification:_identify(src/yeti) by extension 'ignore_ament_install'
[0.492s] Level 1:colcon.colcon_core.package_identification:_identify(src/yeti) by extensions ['colcon_pkg']
[0.492s] Level 1:colcon.colcon_core.package_identification:_identify(src/yeti) by extension 'colcon_pkg'
[0.492s] Level 1:colcon.colcon_core.package_identification:_identify(src/yeti) by extensions ['colcon_meta']
[0.492s] Level 1:colcon.colcon_core.package_identification:_identify(src/yeti) by extension 'colcon_meta'
[0.492s] Level 1:colcon.colcon_core.package_identification:_identify(src/yeti) by extensions ['ros']
[0.492s] Level 1:colcon.colcon_core.package_identification:_identify(src/yeti) by extension 'ros'
[0.492s] Level 1:colcon.colcon_core.package_identification:_identify(src/yeti) by extensions ['cmake', 'python']
[0.492s] Level 1:colcon.colcon_core.package_identification:_identify(src/yeti) by extension 'cmake'
[0.493s] Level 1:colcon.colcon_core.package_identification:_identify(src/yeti) by extension 'python'
[0.493s] DEBUG:colcon.colcon_core.package_identification:Package 'src/yeti' with type 'cmake' and name 'yeti'
[0.493s] Level 1:colcon.colcon_core.package_discovery:discover_packages(recursive) using defaults
[0.493s] Level 1:colcon.colcon_core.package_discovery:discover_packages(ignore) discover
[0.493s] Level 1:colcon.colcon_core.package_discovery:discover_packages(ignore) using defaults
[0.493s] Level 1:colcon.colcon_core.package_discovery:discover_packages(path) discover
[0.493s] Level 1:colcon.colcon_core.package_discovery:discover_packages(path) using defaults
[0.539s] Level 5:colcon.colcon_core.verb:set package 'rafiki' build argument 'cmake_args' from command line to 'None'
[0.539s] Level 5:colcon.colcon_core.verb:set package 'rafiki' build argument 'cmake_target' from command line to 'None'
[0.539s] Level 5:colcon.colcon_core.verb:set package 'rafiki' build argument 'cmake_target_skip_unavailable' from command line to 'False'
[0.539s] Level 5:colcon.colcon_core.verb:set package 'rafiki' build argument 'cmake_clean_cache' from command line to 'False'
[0.539s] Level 5:colcon.colcon_core.verb:set package 'rafiki' build argument 'cmake_clean_first' from command line to 'False'
[0.539s] Level 5:colcon.colcon_core.verb:set package 'rafiki' build argument 'cmake_force_configure' from command line to 'False'
[0.539s] Level 5:colcon.colcon_core.verb:set package 'rafiki' build argument 'ament_cmake_args' from command line to 'None'
[0.539s] Level 5:colcon.colcon_core.verb:set package 'rafiki' build argument 'catkin_cmake_args' from command line to 'None'
[0.539s] Level 5:colcon.colcon_core.verb:set package 'rafiki' build argument 'catkin_skip_building_tests' from command line to 'False'
[0.539s] DEBUG:colcon.colcon_core.verb:Building package 'rafiki' with the following arguments: {'ament_cmake_args': None, 'build_base': '/home/toby/Desktop/louie-design-calculations/build/rafiki', 'catkin_cmake_args': None, 'catkin_skip_building_tests': False, 'cmake_args': None, 'cmake_clean_cache': False, 'cmake_clean_first': False, 'cmake_force_configure': False, 'cmake_target': None, 'cmake_target_skip_unavailable': False, 'install_base': '/home/toby/Desktop/louie-design-calculations/install/rafiki', 'merge_install': False, 'path': '/home/toby/Desktop/louie-design-calculations/src/rafiki', 'symlink_install': False, 'test_result_base': None}
[0.545s] Level 5:colcon.colcon_core.verb:set package 'yeti' build argument 'cmake_args' from command line to 'None'
[0.545s] Level 5:colcon.colcon_core.verb:set package 'yeti' build argument 'cmake_target' from command line to 'None'
[0.545s] Level 5:colcon.colcon_core.verb:set package 'yeti' build argument 'cmake_target_skip_unavailable' from command line to 'False'
[0.545s] Level 5:colcon.colcon_core.verb:set package 'yeti' build argument 'cmake_clean_cache' from command line to 'False'
[0.545s] Level 5:colcon.colcon_core.verb:set package 'yeti' build argument 'cmake_clean_first' from command line to 'False'
[0.545s] Level 5:colcon.colcon_core.verb:set package 'yeti' build argument 'cmake_force_configure' from command line to 'False'
[0.545s] Level 5:colcon.colcon_core.verb:set package 'yeti' build argument 'ament_cmake_args' from command line to 'None'
[0.545s] Level 5:colcon.colcon_core.verb:set package 'yeti' build argument 'catkin_cmake_args' from command line to 'None'
[0.545s] Level 5:colcon.colcon_core.verb:set package 'yeti' build argument 'catkin_skip_building_tests' from command line to 'False'
[0.545s] DEBUG:colcon.colcon_core.verb:Building package 'yeti' with the following arguments: {'ament_cmake_args': None, 'build_base': '/home/toby/Desktop/louie-design-calculations/build/yeti', 'catkin_cmake_args': None, 'catkin_skip_building_tests': False, 'cmake_args': None, 'cmake_clean_cache': False, 'cmake_clean_first': False, 'cmake_force_configure': False, 'cmake_target': None, 'cmake_target_skip_unavailable': False, 'install_base': '/home/toby/Desktop/louie-design-calculations/install/yeti', 'merge_install': False, 'path': '/home/toby/Desktop/louie-design-calculations/src/yeti', 'symlink_install': False, 'test_result_base': None}
[0.546s] INFO:colcon.colcon_core.executor:Executing jobs using 'parallel' executor
[0.557s] DEBUG:colcon.colcon_parallel_executor.executor.parallel:run_until_complete
[0.557s] INFO:colcon.colcon_cmake.task.cmake.build:Building CMake package in '/home/toby/Desktop/louie-design-calculations/src/rafiki'
[0.566s] INFO:colcon.colcon_core.plugin_system:Skipping extension 'colcon_core.shell.bat': Not used on non-Windows systems
[0.566s] INFO:colcon.colcon_core.shell:Skip shell extension 'powershell' for command environment: Not usable outside of PowerShell
[0.566s] DEBUG:colcon.colcon_core.shell:Skip shell extension 'dsv' for command environment
[0.573s] INFO:colcon.colcon_cmake.task.cmake.build:Building CMake package in '/home/toby/Desktop/louie-design-calculations/src/yeti'
[0.578s] INFO:colcon.colcon_core.shell:Skip shell extension 'powershell' for command environment: Not usable outside of PowerShell
[0.578s] DEBUG:colcon.colcon_core.shell:Skip shell extension 'dsv' for command environment
[0.585s] DEBUG:colcon.colcon_core.event_handler.log_command:Invoking command in '/home/toby/Desktop/louie-design-calculations/build/rafiki': /usr/bin/cmake /home/toby/Desktop/louie-design-calculations/src/rafiki -DCMAKE_INSTALL_PREFIX=/home/toby/Desktop/louie-design-calculations/install/rafiki
[0.591s] DEBUG:colcon.colcon_core.event_handler.log_command:Invoking command in '/home/toby/Desktop/louie-design-calculations/build/yeti': /usr/bin/cmake /home/toby/Desktop/louie-design-calculations/src/yeti -DCMAKE_INSTALL_PREFIX=/home/toby/Desktop/louie-design-calculations/install/yeti
[1.613s] DEBUG:colcon.colcon_core.event_handler.log_command:Invoked command in '/home/toby/Desktop/louie-design-calculations/build/rafiki' returned '0': /usr/bin/cmake /home/toby/Desktop/louie-design-calculations/src/rafiki -DCMAKE_INSTALL_PREFIX=/home/toby/Desktop/louie-design-calculations/install/rafiki
[1.615s] DEBUG:colcon.colcon_core.event_handler.log_command:Invoking command in '/home/toby/Desktop/louie-design-calculations/build/rafiki': /usr/bin/cmake --build /home/toby/Desktop/louie-design-calculations/build/rafiki -- -j8 -l8
[1.616s] DEBUG:colcon.colcon_core.event_handler.log_command:Invoked command in '/home/toby/Desktop/louie-design-calculations/build/yeti' returned '0': /usr/bin/cmake /home/toby/Desktop/louie-design-calculations/src/yeti -DCMAKE_INSTALL_PREFIX=/home/toby/Desktop/louie-design-calculations/install/yeti
[1.616s] DEBUG:colcon.colcon_core.event_handler.log_command:Invoking command in '/home/toby/Desktop/louie-design-calculations/build/yeti': /usr/bin/cmake --build /home/toby/Desktop/louie-design-calculations/build/yeti -- -j8 -l8
[1.639s] DEBUG:colcon.colcon_core.event_handler.log_command:Invoked command in '/home/toby/Desktop/louie-design-calculations/build/yeti' returned '0': /usr/bin/cmake --build /home/toby/Desktop/louie-design-calculations/build/yeti -- -j8 -l8
[1.640s] DEBUG:colcon.colcon_core.event_handler.log_command:Invoked command in '/home/toby/Desktop/louie-design-calculations/build/rafiki' returned '0': /usr/bin/cmake --build /home/toby/Desktop/louie-design-calculations/build/rafiki -- -j8 -l8
[1.657s] DEBUG:colcon.colcon_core.event_handler.log_command:Invoking command in '/home/toby/Desktop/louie-design-calculations/build/yeti': /usr/bin/cmake --install /home/toby/Desktop/louie-design-calculations/build/yeti
[1.658s] DEBUG:colcon.colcon_core.event_handler.log_command:Invoking command in '/home/toby/Desktop/louie-design-calculations/build/rafiki': /usr/bin/cmake --install /home/toby/Desktop/louie-design-calculations/build/rafiki
[1.663s] Level 1:colcon.colcon_core.environment:create_environment_scripts_only(yeti)
[1.665s] DEBUG:colcon.colcon_core.event_handler.log_command:Invoked command in '/home/toby/Desktop/louie-design-calculations/build/yeti' returned '0': /usr/bin/cmake --install /home/toby/Desktop/louie-design-calculations/build/yeti
[1.673s] Level 1:colcon.colcon_core.environment:checking '/home/toby/Desktop/louie-design-calculations/install/yeti' for CMake module files
[1.673s] Level 1:colcon.colcon_core.environment:checking '/home/toby/Desktop/louie-design-calculations/install/yeti' for CMake config files
[1.674s] Level 1:colcon.colcon_core.environment:checking '/home/toby/Desktop/louie-design-calculations/install/yeti/lib'
[1.674s] Level 1:colcon.colcon_core.environment:checking '/home/toby/Desktop/louie-design-calculations/install/yeti/bin'
[1.674s] Level 1:colcon.colcon_core.environment:checking '/home/toby/Desktop/louie-design-calculations/install/yeti/lib/pkgconfig/yeti.pc'
[1.675s] Level 1:colcon.colcon_core.environment:checking '/home/toby/Desktop/louie-design-calculations/install/yeti/lib/python3.10/site-packages'
[1.675s] Level 1:colcon.colcon_core.shell:create_environment_hook('yeti', 'pythonpath')
[1.680s] INFO:colcon.colcon_core.shell:Creating environment hook '/home/toby/Desktop/louie-design-calculations/install/yeti/share/yeti/hook/pythonpath.ps1'
[1.680s] INFO:colcon.colcon_core.shell:Creating environment descriptor '/home/toby/Desktop/louie-design-calculations/install/yeti/share/yeti/hook/pythonpath.dsv'
[1.681s] INFO:colcon.colcon_core.shell:Creating environment hook '/home/toby/Desktop/louie-design-calculations/install/yeti/share/yeti/hook/pythonpath.sh'
[1.682s] Level 1:colcon.colcon_core.environment:checking '/home/toby/Desktop/louie-design-calculations/install/yeti/bin'
[1.687s] INFO:colcon.colcon_core.shell:Creating package script '/home/toby/Desktop/louie-design-calculations/install/yeti/share/yeti/package.ps1'
[1.687s] INFO:colcon.colcon_core.shell:Creating package descriptor '/home/toby/Desktop/louie-design-calculations/install/yeti/share/yeti/package.dsv'
[1.688s] INFO:colcon.colcon_core.shell:Creating package script '/home/toby/Desktop/louie-design-calculations/install/yeti/share/yeti/package.sh'
[1.688s] INFO:colcon.colcon_core.shell:Creating package script '/home/toby/Desktop/louie-design-calculations/install/yeti/share/yeti/package.bash'
[1.689s] INFO:colcon.colcon_core.shell:Creating package script '/home/toby/Desktop/louie-design-calculations/install/yeti/share/yeti/package.zsh'
[1.689s] Level 1:colcon.colcon_core.environment:create_file_with_runtime_dependencies(/home/toby/Desktop/louie-design-calculations/install/yeti/share/colcon-core/packages/yeti)
[1.691s] Level 1:colcon.colcon_core.environment:create_environment_scripts_only(rafiki)
[1.698s] Level 1:colcon.colcon_core.environment:checking '/home/toby/Desktop/louie-design-calculations/install/rafiki' for CMake module files
[1.698s] Level 1:colcon.colcon_core.environment:checking '/home/toby/Desktop/louie-design-calculations/install/rafiki' for CMake config files
[1.699s] Level 1:colcon.colcon_core.environment:checking '/home/toby/Desktop/louie-design-calculations/install/rafiki/lib'
[1.699s] DEBUG:colcon.colcon_core.event_handler.log_command:Invoked command in '/home/toby/Desktop/louie-design-calculations/build/rafiki' returned '0': /usr/bin/cmake --install /home/toby/Desktop/louie-design-calculations/build/rafiki
[1.699s] Level 1:colcon.colcon_core.environment:checking '/home/toby/Desktop/louie-design-calculations/install/rafiki/bin'
[1.699s] Level 1:colcon.colcon_core.environment:checking '/home/toby/Desktop/louie-design-calculations/install/rafiki/lib/pkgconfig/rafiki.pc'
[1.699s] Level 1:colcon.colcon_core.environment:checking '/home/toby/Desktop/louie-design-calculations/install/rafiki/lib/python3.10/site-packages'
[1.699s] Level 1:colcon.colcon_core.shell:create_environment_hook('rafiki', 'pythonpath')
[1.703s] INFO:colcon.colcon_core.shell:Creating environment hook '/home/toby/Desktop/louie-design-calculations/install/rafiki/share/rafiki/hook/pythonpath.ps1'
[1.704s] INFO:colcon.colcon_core.shell:Creating environment descriptor '/home/toby/Desktop/louie-design-calculations/install/rafiki/share/rafiki/hook/pythonpath.dsv'
[1.704s] INFO:colcon.colcon_core.shell:Creating environment hook '/home/toby/Desktop/louie-design-calculations/install/rafiki/share/rafiki/hook/pythonpath.sh'
[1.705s] Level 1:colcon.colcon_core.environment:checking '/home/toby/Desktop/louie-design-calculations/install/rafiki/bin'
[1.709s] INFO:colcon.colcon_core.shell:Creating package script '/home/toby/Desktop/louie-design-calculations/install/rafiki/share/rafiki/package.ps1'
[1.709s] INFO:colcon.colcon_core.shell:Creating package descriptor '/home/toby/Desktop/louie-design-calculations/install/rafiki/share/rafiki/package.dsv'
[1.709s] INFO:colcon.colcon_core.shell:Creating package script '/home/toby/Desktop/louie-design-calculations/install/rafiki/share/rafiki/package.sh'
[1.710s] INFO:colcon.colcon_core.shell:Creating package script '/home/toby/Desktop/louie-design-calculations/install/rafiki/share/rafiki/package.bash'
[1.710s] INFO:colcon.colcon_core.shell:Creating package script '/home/toby/Desktop/louie-design-calculations/install/rafiki/share/rafiki/package.zsh'
[1.710s] Level 1:colcon.colcon_core.environment:create_file_with_runtime_dependencies(/home/toby/Desktop/louie-design-calculations/install/rafiki/share/colcon-core/packages/rafiki)
[1.710s] DEBUG:colcon.colcon_parallel_executor.executor.parallel:closing loop
[1.710s] DEBUG:colcon.colcon_parallel_executor.executor.parallel:loop closed
[1.710s] DEBUG:colcon.colcon_parallel_executor.executor.parallel:run_until_complete finished with '0'
[1.711s] DEBUG:colcon.colcon_core.event_reactor:joining thread
[1.724s] INFO:colcon.colcon_core.plugin_system:Skipping extension 'colcon_notification.desktop_notification.notify_send': Could not find 'notify-send'
[1.724s] INFO:colcon.colcon_core.plugin_system:Skipping extension 'colcon_notification.desktop_notification.terminal_notifier': Not used on non-Darwin systems
[1.724s] INFO:colcon.colcon_core.plugin_system:Skipping extension 'colcon_notification.desktop_notification.win32': Not used on non-Windows systems
[1.724s] INFO:colcon.colcon_notification.desktop_notification:Sending desktop notification using 'notify2'
[1.732s] DEBUG:colcon.colcon_core.event_reactor:joined thread
[1.737s] INFO:colcon.colcon_core.shell:Creating prefix script '/home/toby/Desktop/louie-design-calculations/install/local_setup.ps1'
[1.738s] INFO:colcon.colcon_core.shell:Creating prefix util module '/home/toby/Desktop/louie-design-calculations/install/_local_setup_util_ps1.py'
[1.739s] INFO:colcon.colcon_core.shell:Creating prefix chain script '/home/toby/Desktop/louie-design-calculations/install/setup.ps1'
[1.743s] INFO:colcon.colcon_core.shell:Creating prefix script '/home/toby/Desktop/louie-design-calculations/install/local_setup.sh'
[1.744s] INFO:colcon.colcon_core.shell:Creating prefix util module '/home/toby/Desktop/louie-design-calculations/install/_local_setup_util_sh.py'
[1.744s] INFO:colcon.colcon_core.shell:Creating prefix chain script '/home/toby/Desktop/louie-design-calculations/install/setup.sh'
[1.748s] INFO:colcon.colcon_core.shell:Creating prefix script '/home/toby/Desktop/louie-design-calculations/install/local_setup.bash'
[1.748s] INFO:colcon.colcon_core.shell:Creating prefix chain script '/home/toby/Desktop/louie-design-calculations/install/setup.bash'
[1.752s] INFO:colcon.colcon_core.shell:Creating prefix script '/home/toby/Desktop/louie-design-calculations/install/local_setup.zsh'
[1.752s] INFO:colcon.colcon_core.shell:Creating prefix chain script '/home/toby/Desktop/louie-design-calculations/install/setup.zsh'
