[0.009s] Invoking command in '/home/toby/Desktop/louie-design-calculations/build/yeti': /usr/bin/cmake /home/toby/Desktop/louie-design-calculations/src/yeti -DCMAKE_INSTALL_PREFIX=/home/toby/Desktop/louie-design-calculations/install/yeti
[0.099s] -- The C compiler identification is GNU 11.2.0
[0.233s] -- The CXX compiler identification is GNU 11.2.0
[0.241s] -- Detecting C compiler ABI info
[0.293s] -- Detecting C compiler ABI info - done
[0.299s] -- Check for working C compiler: /usr/bin/cc - skipped
[0.299s] -- Detecting C compile features
[0.300s] -- Detecting C compile features - done
[0.303s] -- Detecting CXX compiler ABI info
[0.362s] -- Detecting CXX compiler ABI info - done
[0.367s] -- Check for working CXX compiler: /usr/bin/c++ - skipped
[0.368s] -- Detecting CXX compile features
[0.368s] -- Detecting CXX compile features - done
[0.837s] -- Found Python: /usr/bin/python3.10 (found version "3.10.6") found components: Interpreter 
[1.027s] -- Configuring done
[1.027s] -- Generating done
[1.028s] -- Build files have been written to: /home/toby/Desktop/louie-design-calculations/build/yeti
[1.034s] Invoked command in '/home/toby/Desktop/louie-design-calculations/build/yeti' returned '0': /usr/bin/cmake /home/toby/Desktop/louie-design-calculations/src/yeti -DCMAKE_INSTALL_PREFIX=/home/toby/Desktop/louie-design-calculations/install/yeti
[1.035s] Invoking command in '/home/toby/Desktop/louie-design-calculations/build/yeti': /usr/bin/cmake --build /home/toby/Desktop/louie-design-calculations/build/yeti -- -j8 -l8
[1.057s] Invoked command in '/home/toby/Desktop/louie-design-calculations/build/yeti' returned '0': /usr/bin/cmake --build /home/toby/Desktop/louie-design-calculations/build/yeti -- -j8 -l8
[1.075s] Invoking command in '/home/toby/Desktop/louie-design-calculations/build/yeti': /usr/bin/cmake --install /home/toby/Desktop/louie-design-calculations/build/yeti
[1.080s] -- Install configuration: ""
[1.080s] -- Installing: /home/toby/Desktop/louie-design-calculations/install/yeti/lib/python3.10/site-packages/yeti
[1.080s] -- Installing: /home/toby/Desktop/louie-design-calculations/install/yeti/lib/python3.10/site-packages/yeti/pressure_drop_circuit.py
[1.080s] -- Installing: /home/toby/Desktop/louie-design-calculations/install/yeti/lib/python3.10/site-packages/yeti/yeti.py
[1.083s] Invoked command in '/home/toby/Desktop/louie-design-calculations/build/yeti' returned '0': /usr/bin/cmake --install /home/toby/Desktop/louie-design-calculations/build/yeti
