-- The C compiler identification is GNU 11.2.0
-- The CXX compiler identification is GNU 11.2.0
-- Detecting C compiler ABI info
-- Detecting C compiler ABI info - done
-- Check for working C compiler: /usr/bin/cc - skipped
-- Detecting C compile features
-- Detecting C compile features - done
-- Detecting CXX compiler ABI info
-- Detecting CXX compiler ABI info - done
-- Check for working CXX compiler: /usr/bin/c++ - skipped
-- Detecting CXX compile features
-- Detecting CXX compile features - done
-- Found Python: /usr/bin/python3.10 (found version "3.10.6") found components: Interpreter 
-- Configuring done
-- Generating done
-- Build files have been written to: /home/toby/Desktop/louie-design-calculations/build/rafiki
-- Install configuration: ""
-- Installing: /home/toby/Desktop/louie-design-calculations/install/rafiki/lib/python3.10/site-packages/rafiki
-- Installing: /home/toby/Desktop/louie-design-calculations/install/rafiki/lib/python3.10/site-packages/rafiki/graph_manager.py
-- Installing: /home/toby/Desktop/louie-design-calculations/install/rafiki/lib/python3.10/site-packages/rafiki/data_checker.py
-- Installing: /home/toby/Desktop/louie-design-calculations/install/rafiki/lib/python3.10/site-packages/rafiki/rafiki.py
