[0.026s] Invoking command in '/home/toby/Desktop/louie-design-calculations/build/rafiki': /usr/bin/cmake /home/toby/Desktop/louie-design-calculations/src/rafiki -DCMAKE_INSTALL_PREFIX=/home/toby/Desktop/louie-design-calculations/install/rafiki
[0.123s] -- The C compiler identification is GNU 11.2.0
[0.256s] -- The CXX compiler identification is GNU 11.2.0
[0.265s] -- Detecting C compiler ABI info
[0.317s] -- Detecting C compiler ABI info - done
[0.322s] -- Check for working C compiler: /usr/bin/cc - skipped
[0.322s] -- Detecting C compile features
[0.323s] -- Detecting C compile features - done
[0.326s] -- Detecting CXX compiler ABI info
[0.385s] -- Detecting CXX compiler ABI info - done
[0.391s] -- Check for working CXX compiler: /usr/bin/c++ - skipped
[0.391s] -- Detecting CXX compile features
[0.391s] -- Detecting CXX compile features - done
[0.860s] -- Found Python: /usr/bin/python3.10 (found version "3.10.6") found components: Interpreter 
[1.050s] -- Configuring done
[1.050s] -- Generating done
[1.051s] -- Build files have been written to: /home/toby/Desktop/louie-design-calculations/build/rafiki
[1.055s] Invoked command in '/home/toby/Desktop/louie-design-calculations/build/rafiki' returned '0': /usr/bin/cmake /home/toby/Desktop/louie-design-calculations/src/rafiki -DCMAKE_INSTALL_PREFIX=/home/toby/Desktop/louie-design-calculations/install/rafiki
[1.056s] Invoking command in '/home/toby/Desktop/louie-design-calculations/build/rafiki': /usr/bin/cmake --build /home/toby/Desktop/louie-design-calculations/build/rafiki -- -j8 -l8
[1.082s] Invoked command in '/home/toby/Desktop/louie-design-calculations/build/rafiki' returned '0': /usr/bin/cmake --build /home/toby/Desktop/louie-design-calculations/build/rafiki -- -j8 -l8
[1.100s] Invoking command in '/home/toby/Desktop/louie-design-calculations/build/rafiki': /usr/bin/cmake --install /home/toby/Desktop/louie-design-calculations/build/rafiki
[1.104s] -- Install configuration: ""
[1.104s] -- Installing: /home/toby/Desktop/louie-design-calculations/install/rafiki/lib/python3.10/site-packages/rafiki
[1.107s] -- Installing: /home/toby/Desktop/louie-design-calculations/install/rafiki/lib/python3.10/site-packages/rafiki/graph_manager.py
[1.107s] -- Installing: /home/toby/Desktop/louie-design-calculations/install/rafiki/lib/python3.10/site-packages/rafiki/data_checker.py
[1.107s] -- Installing: /home/toby/Desktop/louie-design-calculations/install/rafiki/lib/python3.10/site-packages/rafiki/rafiki.py
[1.140s] Invoked command in '/home/toby/Desktop/louie-design-calculations/build/rafiki' returned '0': /usr/bin/cmake --install /home/toby/Desktop/louie-design-calculations/build/rafiki
